[debug] [2023-05-10T16:00:28.729Z] ----------------------------------------------------------------------
[debug] [2023-05-10T16:00:28.731Z] Command:       /home/aidan/.nvm/versions/node/v18.15.0/bin/node /home/aidan/.nvm/versions/node/v18.15.0/bin/firebase serve --only hosting
[debug] [2023-05-10T16:00:28.732Z] CLI Version:   11.29.1
[debug] [2023-05-10T16:00:28.732Z] Platform:      linux
[debug] [2023-05-10T16:00:28.732Z] Node Version:  v18.15.0
[debug] [2023-05-10T16:00:28.732Z] Time:          Wed May 10 2023 17:00:28 GMT+0100 (British Summer Time)
[debug] [2023-05-10T16:00:28.732Z] ----------------------------------------------------------------------
[debug] 
[debug] [2023-05-10T16:00:28.832Z] > command requires scopes: ["email","openid","https://www.googleapis.com/auth/cloudplatformprojects.readonly","https://www.googleapis.com/auth/firebase","https://www.googleapis.com/auth/cloud-platform"]
[debug] [2023-05-10T16:00:28.832Z] > authorizing via signed-in user (adn.mck@gmail.com)
[debug] [2023-05-10T16:00:28.833Z] [iam] checking project to-do-list-5cce5 for permissions ["firebase.projects.get"]
[debug] [2023-05-10T16:00:28.834Z] >>> [apiv2][query] POST https://cloudresourcemanager.googleapis.com/v1/projects/to-do-list-5cce5:testIamPermissions [none]
[debug] [2023-05-10T16:00:28.834Z] >>> [apiv2][(partial)header] POST https://cloudresourcemanager.googleapis.com/v1/projects/to-do-list-5cce5:testIamPermissions x-goog-quota-user=projects/to-do-list-5cce5
[debug] [2023-05-10T16:00:28.835Z] >>> [apiv2][body] POST https://cloudresourcemanager.googleapis.com/v1/projects/to-do-list-5cce5:testIamPermissions {"permissions":["firebase.projects.get"]}
[debug] [2023-05-10T16:00:29.589Z] <<< [apiv2][status] POST https://cloudresourcemanager.googleapis.com/v1/projects/to-do-list-5cce5:testIamPermissions 200
[debug] [2023-05-10T16:00:29.589Z] <<< [apiv2][body] POST https://cloudresourcemanager.googleapis.com/v1/projects/to-do-list-5cce5:testIamPermissions {"permissions":["firebase.projects.get"]}
[debug] [2023-05-10T16:00:29.590Z] >>> [apiv2][query] GET https://firebase.googleapis.com/v1beta1/projects/to-do-list-5cce5 [none]
[debug] [2023-05-10T16:00:29.999Z] <<< [apiv2][status] GET https://firebase.googleapis.com/v1beta1/projects/to-do-list-5cce5 200
[debug] [2023-05-10T16:00:29.999Z] <<< [apiv2][body] GET https://firebase.googleapis.com/v1beta1/projects/to-do-list-5cce5 {"projectId":"to-do-list-5cce5","projectNumber":"491867481385","displayName":"to-do-list","name":"projects/to-do-list-5cce5","resources":{"hostingSite":"to-do-list-5cce5"},"state":"ACTIVE","etag":"1_c73c710e-5ba8-4400-998a-5b41df3fe52e"}
[debug] [2023-05-10T16:00:30.003Z] >>> [apiv2][query] GET https://firebasehosting.googleapis.com/v1beta1/projects/to-do-list-5cce5/sites 
[debug] [2023-05-10T16:00:30.511Z] <<< [apiv2][status] GET https://firebasehosting.googleapis.com/v1beta1/projects/to-do-list-5cce5/sites 200
[debug] [2023-05-10T16:00:30.512Z] <<< [apiv2][body] GET https://firebasehosting.googleapis.com/v1beta1/projects/to-do-list-5cce5/sites {"sites":[{"name":"projects/to-do-list-5cce5/sites/to-do-list-5cce5","defaultUrl":"https://to-do-list-5cce5.web.app","type":"DEFAULT_SITE"}]}
[debug] [2023-05-10T16:00:30.512Z] >>> [apiv2][query] GET https://firebase.googleapis.com/v1beta1/projects/to-do-list-5cce5/webApps/-/config [none]
[debug] [2023-05-10T16:00:31.330Z] <<< [apiv2][status] GET https://firebase.googleapis.com/v1beta1/projects/to-do-list-5cce5/webApps/-/config 200
[debug] [2023-05-10T16:00:31.330Z] <<< [apiv2][body] GET https://firebase.googleapis.com/v1beta1/projects/to-do-list-5cce5/webApps/-/config {"projectId":"to-do-list-5cce5","appId":"1:491867481385:web:289498864aa4ebccf30338","storageBucket":"to-do-list-5cce5.appspot.com","apiKey":"AIzaSyCXH5hvMo3mmNdxLskD6lrhiEe_JwS3mac","authDomain":"to-do-list-5cce5.firebaseapp.com","messagingSenderId":"491867481385","measurementId":"G-4F78PK05EP"}
[debug] [2023-05-10T16:00:31.339Z] >>> [apiv2][query] GET https://firebase.googleapis.com/v1beta1/projects/to-do-list-5cce5 [none]
[debug] [2023-05-10T16:00:31.737Z] <<< [apiv2][status] GET https://firebase.googleapis.com/v1beta1/projects/to-do-list-5cce5 200
[debug] [2023-05-10T16:00:31.738Z] <<< [apiv2][body] GET https://firebase.googleapis.com/v1beta1/projects/to-do-list-5cce5 {"projectId":"to-do-list-5cce5","projectNumber":"491867481385","displayName":"to-do-list","name":"projects/to-do-list-5cce5","resources":{"hostingSite":"to-do-list-5cce5"},"state":"ACTIVE","etag":"1_c73c710e-5ba8-4400-998a-5b41df3fe52e"}
[info] i  hosting[to-do-list-5cce5]: Serving hosting files from: dist {"metadata":{"emulator":{"name":"hosting"},"message":"Serving hosting files from: \u001b[1mdist\u001b[22m"}}
[info] ✔  hosting[to-do-list-5cce5]: Local server: http://localhost:5000 {"metadata":{"emulator":{"name":"hosting"},"message":"Local server: \u001b[4m\u001b[1mhttp://localhost:5000\u001b[22m\u001b[24m"}}
